
/home/runner/work/exp-triangular-plate-iitb/exp-triangular-plate-iitb/experiment/simulation/common_libraries/js/ts_components/collapse_step.js
   1:10  warning  'show_step' is defined but never used                 no-unused-vars
   2:5   warning  '$' is not defined                                    no-undef
   3:9   warning  '$' is not defined                                    no-undef
   6:10  warning  'hide_step' is defined but never used                 no-unused-vars
   7:5   warning  '$' is not defined                                    no-undef
   8:9   warning  '$' is not defined                                    no-undef
  11:10  warning  'get_collapse_btn_text' is defined but never used     no-unused-vars
  20:10  warning  'get_collapse_btn_element' is defined but never used  no-unused-vars
  29:10  warning  'hide_all_steps' is defined but never used            no-unused-vars
  31:9   warning  '$' is not defined                                    no-undef

/home/runner/work/exp-triangular-plate-iitb/exp-triangular-plate-iitb/experiment/simulation/common_libraries/js/ts_components/matrix.js
   27:26  warning  'MathJax' is not defined                                no-undef
   32:7   warning  'Matrix_Without_String' is defined but never used       no-unused-vars
   52:26  warning  'MathJax' is not defined                                no-undef
   56:10  warning  'get_matrix_html' is defined but never used             no-unused-vars
   87:13  warning  'row_html' is assigned a value but never used           no-unused-vars
   99:10  warning  'get_matrix_html_with_title' is defined but never used  no-unused-vars
  131:13  warning  'row_html' is assigned a value but never used           no-unused-vars
  143:10  warning  'convert_2d_to_1d_vector' is defined but never used     no-unused-vars
  156:10  warning  'convert_1d_to_2d_matrix' is defined but never used     no-unused-vars

/home/runner/work/exp-triangular-plate-iitb/exp-triangular-plate-iitb/experiment/simulation/common_libraries/js/ts_components/pannel.js
  8:7  warning  'Pannel' is defined but never used  no-unused-vars

/home/runner/work/exp-triangular-plate-iitb/exp-triangular-plate-iitb/experiment/simulation/common_libraries/js/ts_components/questions.js
   6:17  warning  'op1' is assigned a value but never used      no-unused-vars
   7:17  warning  'op2' is assigned a value but never used      no-unused-vars
   8:17  warning  'op3' is assigned a value but never used      no-unused-vars
   9:17  warning  'op4' is assigned a value but never used      no-unused-vars
  94:7   warning  'Question_Options' is defined but never used  no-unused-vars

/home/runner/work/exp-triangular-plate-iitb/exp-triangular-plate-iitb/experiment/simulation/common_libraries/js/ts_components/tables.js
   19:22  warning  'verify_values' is not defined                                     no-undef
  137:22  warning  'verify_values' is not defined                                     no-undef
  260:7   warning  'Verify_Rows_Cols_6_decimal_places' is defined but never used      no-unused-vars
  311:22  warning  'verify_values' is not defined                                     no-undef
  416:7   warning  'Verify_Rows_Cols_Custom_Fixed_Update1' is defined but never used  no-unused-vars
  468:7   warning  'Show_Table_Custom_Fixed' is defined but never used                no-unused-vars
  506:7   warning  'Verify_Rows_Cols_Strings' is defined but never used               no-unused-vars
  527:22  warning  'verify_values' is not defined                                     no-undef
  663:7   warning  'Display_Table' is defined but never used                          no-unused-vars

/home/runner/work/exp-triangular-plate-iitb/exp-triangular-plate-iitb/experiment/simulation/common_libraries/js/ts_math_library/general_math_functions.js
    1:10  warning  'verify_values' is defined but never used                   no-unused-vars
   17:10  warning  'random1' is defined but never used                         no-unused-vars
   21:10  warning  'std_deviation' is defined but never used                   no-unused-vars
   26:10  warning  'gauss' is defined but never used                           no-unused-vars
   56:10  warning  'hide_panel' is defined but never used                      no-unused-vars
   63:10  warning  'inverse_matrix' is defined but never used                  no-unused-vars
   96:10  warning  'matrix_multiplication' is defined but never used           no-unused-vars
  113:10  warning  'transpose_matrix' is defined but never used                no-unused-vars
  123:10  warning  'matrix_multiplication_8decimal' is defined but never used  no-unused-vars
  140:10  warning  'adjoint_2x2_matrix' is defined but never used              no-unused-vars
  145:10  warning  'find_deteminant' is defined but never used                 no-unused-vars
  174:10  warning  'get_Submatrix' is defined but never used                   no-unused-vars

/home/runner/work/exp-triangular-plate-iitb/exp-triangular-plate-iitb/experiment/simulation/common_libraries/js/ts_math_library/regression.js
   1:10  warning  'regression_linear' is defined but never used            no-unused-vars
  18:10  warning  'regression_linear_1variable' is defined but never used  no-unused-vars
  27:10  warning  'regression_linear_2variable' is defined but never used  no-unused-vars
  52:11  warning  'gauss' is not defined                                   no-undef

/home/runner/work/exp-triangular-plate-iitb/exp-triangular-plate-iitb/experiment/simulation/common_libraries/math.ob.js
  1:745  warning  'b' is already defined  no-redeclare

/home/runner/work/exp-triangular-plate-iitb/exp-triangular-plate-iitb/experiment/simulation/js/activity1.js
   14:9   warning  'MathJax' is not defined                                        no-undef
   18:10  warning  'start_act1' is defined but never used                          no-unused-vars
   23:20  warning  'get_collapse_btn_text' is not defined                          no-undef
   44:19  warning  'h' is not defined                                              no-undef
   47:19  warning  'b' is not defined                                              no-undef
   53:32  warning  Unnecessary escape character: \×                                no-useless-escape
   64:5   warning  'hide_all_steps' is not defined                                 no-undef
   66:9   warning  'MathJax' is not defined                                        no-undef
   69:9   warning  'show_step' is not defined                                      no-undef
   73:5   warning  'b' is not defined                                              no-undef
   74:5   warning  'h' is not defined                                              no-undef
   75:5   warning  'a_a1' is not defined                                           no-undef
   76:5   warning  'h_bar_a1' is not defined                                       no-undef
   77:5   warning  'h_star_a1' is not defined                                      no-undef
   78:5   warning  'f_a1' is not defined                                           no-undef
   79:5   warning  'Ig_a1' is not defined                                          no-undef
   80:5   warning  'h' is not defined                                              no-undef
   80:20  warning  'random' is not defined                                         no-undef
   81:5   warning  'b' is not defined                                              no-undef
   81:9   warning  'h' is not defined                                              no-undef
   82:5   warning  'a_a1' is not defined                                           no-undef
   82:25  warning  'b' is not defined                                              no-undef
   82:29  warning  'h' is not defined                                              no-undef
   83:5   warning  'h_bar_a1' is not defined                                       no-undef
   83:28  warning  'h' is not defined                                              no-undef
   84:5   warning  'f_a1' is not defined                                           no-undef
   84:30  warning  'g' is not defined                                              no-undef
   84:34  warning  'a_a1' is not defined                                           no-undef
   84:41  warning  'h_bar_a1' is not defined                                       no-undef
   85:5   warning  'Ig_a1' is not defined                                          no-undef
   85:26  warning  'b' is not defined                                              no-undef
   85:39  warning  'h' is not defined                                              no-undef
   86:5   warning  'h_star_a1' is not defined                                      no-undef
   86:29  warning  'Ig_a1' is not defined                                          no-undef
   86:38  warning  'a_a1' is not defined                                           no-undef
   86:45  warning  'h_bar_a1' is not defined                                       no-undef
   86:57  warning  'h_bar_a1' is not defined                                       no-undef
   87:17  warning  'h' is not defined                                              no-undef
   87:20  warning  'b' is not defined                                              no-undef
   89:10  warning  'verify_a_a1' is defined but never used                         no-unused-vars
   91:17  warning  'a_a1' is not defined                                           no-undef
   92:10  warning  'verify_values' is not defined                                  no-undef
   92:47  warning  'a_a1' is not defined                                           no-undef
  107:26  warning  Unnecessary escape character: \×                                no-useless-escape
  107:39  warning  'a_a1' is not defined                                           no-undef
  114:9   warning  'MathJax' is not defined                                        no-undef
  117:10  warning  'load_h_bar_div_a1' is defined but never used                   no-unused-vars
  136:9   warning  'MathJax' is not defined                                        no-undef
  139:10  warning  'verify_h_bar_a1' is defined but never used                     no-unused-vars
  141:17  warning  'h_bar_a1' is not defined                                       no-undef
  142:10  warning  'verify_values' is not defined                                  no-undef
  142:47  warning  'h_bar_a1' is not defined                                       no-undef
  156:38  warning  'h_bar_a1' is not defined                                       no-undef
  163:9   warning  'MathJax' is not defined                                        no-undef
  166:10  warning  'load_total_pressure_force_a1' is defined but never used        no-unused-vars
  180:23  warning  Unnecessary escape character: \ρ                                no-useless-escape
  193:9   warning  'MathJax' is not defined                                        no-undef
  196:10  warning  'verify_f_a1' is defined but never used                         no-unused-vars
  198:17  warning  'f_a1' is not defined                                           no-undef
  199:10  warning  'verify_values' is not defined                                  no-undef
  199:47  warning  'f_a1' is not defined                                           no-undef
  213:17  warning  Unnecessary escape character: \ρ                                no-useless-escape
  213:34  warning  'f_a1' is not defined                                           no-undef
  220:9   warning  'MathJax' is not defined                                        no-undef
  223:10  warning  'load_inertia_div_a1' is defined but never used                 no-unused-vars
  250:9   warning  'MathJax' is not defined                                        no-undef
  253:10  warning  'verify_i_a1' is defined but never used                         no-unused-vars
  255:17  warning  'Ig_a1' is not defined                                          no-undef
  256:10  warning  'verify_values' is not defined                                  no-undef
  256:47  warning  'Ig_a1' is not defined                                          no-undef
  270:40  warning  'Ig_a1' is not defined                                          no-undef
  277:9   warning  'MathJax' is not defined                                        no-undef
  280:10  warning  'load_depth_div_a1' is defined but never used                   no-unused-vars
  307:9   warning  'MathJax' is not defined                                        no-undef
  310:10  warning  'verify_depth_centre_of_pressure_a1' is defined but never used  no-unused-vars
  312:17  warning  'h_star_a1' is not defined                                      no-undef
  313:10  warning  'verify_values' is not defined                                  no-undef
  313:47  warning  'h_star_a1' is not defined                                      no-undef
  327:57  warning  'h_star_a1' is not defined                                      no-undef
  334:9   warning  'MathJax' is not defined                                        no-undef

/home/runner/work/exp-triangular-plate-iitb/exp-triangular-plate-iitb/experiment/simulation/js/activity2.js
    1:10  warning  'activity2' is defined but never used                           no-unused-vars
    3:20  warning  'get_collapse_btn_text' is not defined                          no-undef
   14:19  warning  'h' is not defined                                              no-undef
   17:19  warning  'b' is not defined                                              no-undef
   23:32  warning  Unnecessary escape character: \×                                no-useless-escape
   33:5   warning  'maindiv' is not defined                                        no-undef
   34:5   warning  'hide_all_steps' is not defined                                 no-undef
   36:9   warning  'MathJax' is not defined                                        no-undef
   39:9   warning  'show_step' is not defined                                      no-undef
   43:5   warning  'a_a2' is not defined                                           no-undef
   44:5   warning  'h_bar_a2' is not defined                                       no-undef
   45:5   warning  'h_star_a2' is not defined                                      no-undef
   46:5   warning  'f_a2' is not defined                                           no-undef
   47:5   warning  'Ig_a2' is not defined                                          no-undef
   48:5   warning  'a_a2' is not defined                                           no-undef
   48:25  warning  'b' is not defined                                              no-undef
   48:29  warning  'h' is not defined                                              no-undef
   49:5   warning  'h_bar_a2' is not defined                                       no-undef
   49:32  warning  'h' is not defined                                              no-undef
   50:5   warning  'f_a2' is not defined                                           no-undef
   50:30  warning  'g' is not defined                                              no-undef
   50:34  warning  'a_a2' is not defined                                           no-undef
   50:41  warning  'h_bar_a2' is not defined                                       no-undef
   51:5   warning  'Ig_a2' is not defined                                          no-undef
   51:26  warning  'b' is not defined                                              no-undef
   51:39  warning  'h' is not defined                                              no-undef
   52:5   warning  'h_star_a2' is not defined                                      no-undef
   52:29  warning  'Ig_a2' is not defined                                          no-undef
   52:38  warning  'a_a2' is not defined                                           no-undef
   52:45  warning  'h_bar_a2' is not defined                                       no-undef
   52:57  warning  'h_bar_a2' is not defined                                       no-undef
   54:10  warning  'verify_a_a2' is defined but never used                         no-unused-vars
   56:17  warning  'a_a2' is not defined                                           no-undef
   57:10  warning  'verify_values' is not defined                                  no-undef
   57:47  warning  'a_a2' is not defined                                           no-undef
   72:26  warning  Unnecessary escape character: \×                                no-useless-escape
   72:39  warning  'a_a2' is not defined                                           no-undef
   79:9   warning  'MathJax' is not defined                                        no-undef
   82:10  warning  'load_h_bar_div_a2' is defined but never used                   no-unused-vars
  101:9   warning  'MathJax' is not defined                                        no-undef
  104:10  warning  'verify_h_bar_a2' is defined but never used                     no-unused-vars
  106:17  warning  'h_bar_a2' is not defined                                       no-undef
  107:10  warning  'verify_values' is not defined                                  no-undef
  107:47  warning  'h_bar_a2' is not defined                                       no-undef
  121:41  warning  'h_bar_a2' is not defined                                       no-undef
  128:9   warning  'MathJax' is not defined                                        no-undef
  131:10  warning  'load_total_pressure_force_a2' is defined but never used        no-unused-vars
  145:23  warning  Unnecessary escape character: \ρ                                no-useless-escape
  158:9   warning  'MathJax' is not defined                                        no-undef
  161:10  warning  'verify_f_a2' is defined but never used                         no-unused-vars
  163:17  warning  'f_a2' is not defined                                           no-undef
  164:10  warning  'verify_values' is not defined                                  no-undef
  164:47  warning  'f_a2' is not defined                                           no-undef
  178:17  warning  Unnecessary escape character: \ρ                                no-useless-escape
  178:45  warning  'f_a2' is not defined                                           no-undef
  185:9   warning  'MathJax' is not defined                                        no-undef
  188:10  warning  'load_inertia_div_a2' is defined but never used                 no-unused-vars
  215:9   warning  'MathJax' is not defined                                        no-undef
  218:10  warning  'verify_i_a2' is defined but never used                         no-unused-vars
  220:17  warning  'Ig_a2' is not defined                                          no-undef
  221:10  warning  'verify_values' is not defined                                  no-undef
  221:47  warning  'Ig_a2' is not defined                                          no-undef
  235:51  warning  'Ig_a2' is not defined                                          no-undef
  242:9   warning  'MathJax' is not defined                                        no-undef
  245:10  warning  'load_depth_div_a2' is defined but never used                   no-unused-vars
  272:9   warning  'MathJax' is not defined                                        no-undef
  275:10  warning  'verify_depth_centre_of_pressure_a2' is defined but never used  no-unused-vars
  277:17  warning  'h_star_a2' is not defined                                      no-undef
  278:10  warning  'verify_values' is not defined                                  no-undef
  278:47  warning  'h_star_a2' is not defined                                      no-undef
  292:68  warning  'h_star_a2' is not defined                                      no-undef
  299:9   warning  'MathJax' is not defined                                        no-undef
  302:10  warning  'exp_complete' is defined but never used                        no-unused-vars

/home/runner/work/exp-triangular-plate-iitb/exp-triangular-plate-iitb/experiment/simulation/js/data.js
   2:5  warning  'b' is assigned a value but never used  no-unused-vars
   3:5  warning  'a_a1' is defined but never used        no-unused-vars
   4:5  warning  'a_a2' is defined but never used        no-unused-vars
   5:5  warning  'h_bar_a1' is defined but never used    no-unused-vars
   6:5  warning  'h_bar_a2' is defined but never used    no-unused-vars
   7:5  warning  'h_star_a1' is defined but never used   no-unused-vars
   8:5  warning  'h_star_a2' is defined but never used   no-unused-vars
   9:5  warning  'f_a1' is defined but never used        no-unused-vars
  10:5  warning  'f_a2' is defined but never used        no-unused-vars
  11:5  warning  'Ig_a1' is defined but never used       no-unused-vars
  12:5  warning  'Ig_a2' is defined but never used       no-unused-vars
  13:5  warning  'g' is assigned a value but never used  no-unused-vars

/home/runner/work/exp-triangular-plate-iitb/exp-triangular-plate-iitb/experiment/simulation/js/screen_size.js
  1:10  warning  'set_screen_size' is defined but never used  no-unused-vars

✖ 217 problems (0 errors, 217 warnings)

